2025-03-26T12:00:00.687Z [listContent] MongoServerError: $regex has to be a string
    at Connection.onMessage (C:\Users\Vasim Davda\Desktop\work\backend\node_modules\mongodb\lib\cmap\connection.js:202:26)
    at MessageStream.<anonymous> (C:\Users\Vasim Davda\Desktop\work\backend\node_modules\mongodb\lib\cmap\connection.js:61:60)
    at MessageStream.emit (node:events:519:28)
    at processIncomingData (C:\Users\Vasim Davda\Desktop\work\backend\node_modules\mongodb\lib\cmap\message_stream.js:124:16)
    at MessageStream._write (C:\Users\Vasim Davda\Desktop\work\backend\node_modules\mongodb\lib\cmap\message_stream.js:33:9)
    at writeOrBuffer (node:internal/streams/writable:570:12)
    at _write (node:internal/streams/writable:499:10)
    at Writable.write (node:internal/streams/writable:508:10)
    at Socket.ondata (node:internal/streams/readable:1007:22)
    at Socket.emit (node:events:519:28)
2025-03-26T12:00:02.253Z [listContent] MongoServerError: $regex has to be a string
    at Connection.onMessage (C:\Users\Vasim Davda\Desktop\work\backend\node_modules\mongodb\lib\cmap\connection.js:202:26)
    at MessageStream.<anonymous> (C:\Users\Vasim Davda\Desktop\work\backend\node_modules\mongodb\lib\cmap\connection.js:61:60)
    at MessageStream.emit (node:events:519:28)
    at processIncomingData (C:\Users\Vasim Davda\Desktop\work\backend\node_modules\mongodb\lib\cmap\message_stream.js:124:16)
    at MessageStream._write (C:\Users\Vasim Davda\Desktop\work\backend\node_modules\mongodb\lib\cmap\message_stream.js:33:9)
    at writeOrBuffer (node:internal/streams/writable:570:12)
    at _write (node:internal/streams/writable:499:10)
    at Writable.write (node:internal/streams/writable:508:10)
    at Socket.ondata (node:internal/streams/readable:1007:22)
    at Socket.emit (node:events:519:28)
2025-03-26T13:25:33.138Z [listContent] MongoServerError: invalid argument to $skip stage: Expected a non-negative number in: $skip: -12
    at Connection.onMessage (C:\Users\Vasim Davda\Desktop\work\backend\node_modules\mongodb\lib\cmap\connection.js:202:26)
    at MessageStream.<anonymous> (C:\Users\Vasim Davda\Desktop\work\backend\node_modules\mongodb\lib\cmap\connection.js:61:60)
    at MessageStream.emit (node:events:519:28)
    at processIncomingData (C:\Users\Vasim Davda\Desktop\work\backend\node_modules\mongodb\lib\cmap\message_stream.js:124:16)
    at MessageStream._write (C:\Users\Vasim Davda\Desktop\work\backend\node_modules\mongodb\lib\cmap\message_stream.js:33:9)
    at writeOrBuffer (node:internal/streams/writable:570:12)
    at _write (node:internal/streams/writable:499:10)
    at Writable.write (node:internal/streams/writable:508:10)
    at Socket.ondata (node:internal/streams/readable:1007:22)
    at Socket.emit (node:events:519:28)
2025-03-26T13:26:29.653Z [listContent] MongoServerError: invalid argument to $skip stage: Expected a non-negative number in: $skip: -12
    at Connection.onMessage (C:\Users\Vasim Davda\Desktop\work\backend\node_modules\mongodb\lib\cmap\connection.js:202:26)
    at MessageStream.<anonymous> (C:\Users\Vasim Davda\Desktop\work\backend\node_modules\mongodb\lib\cmap\connection.js:61:60)
    at MessageStream.emit (node:events:519:28)
    at processIncomingData (C:\Users\Vasim Davda\Desktop\work\backend\node_modules\mongodb\lib\cmap\message_stream.js:124:16)
    at MessageStream._write (C:\Users\Vasim Davda\Desktop\work\backend\node_modules\mongodb\lib\cmap\message_stream.js:33:9)
    at writeOrBuffer (node:internal/streams/writable:570:12)
    at _write (node:internal/streams/writable:499:10)
    at Writable.write (node:internal/streams/writable:508:10)
    at Socket.ondata (node:internal/streams/readable:1007:22)
    at Socket.emit (node:events:519:28)
2025-03-26T13:28:20.673Z [listContent] MongoServerError: invalid argument to $skip stage: Expected a non-negative number in: $skip: -12
    at Connection.onMessage (C:\Users\Vasim Davda\Desktop\work\backend\node_modules\mongodb\lib\cmap\connection.js:202:26)
    at MessageStream.<anonymous> (C:\Users\Vasim Davda\Desktop\work\backend\node_modules\mongodb\lib\cmap\connection.js:61:60)
    at MessageStream.emit (node:events:519:28)
    at processIncomingData (C:\Users\Vasim Davda\Desktop\work\backend\node_modules\mongodb\lib\cmap\message_stream.js:124:16)
    at MessageStream._write (C:\Users\Vasim Davda\Desktop\work\backend\node_modules\mongodb\lib\cmap\message_stream.js:33:9)
    at writeOrBuffer (node:internal/streams/writable:570:12)
    at _write (node:internal/streams/writable:499:10)
    at Writable.write (node:internal/streams/writable:508:10)
    at Socket.ondata (node:internal/streams/readable:1007:22)
    at Socket.emit (node:events:519:28)
2025-03-26T13:29:28.369Z [listContent] MongoServerError: invalid argument to $skip stage: Expected a non-negative number in: $skip: -12
    at Connection.onMessage (C:\Users\Vasim Davda\Desktop\work\backend\node_modules\mongodb\lib\cmap\connection.js:202:26)
    at MessageStream.<anonymous> (C:\Users\Vasim Davda\Desktop\work\backend\node_modules\mongodb\lib\cmap\connection.js:61:60)
    at MessageStream.emit (node:events:519:28)
    at processIncomingData (C:\Users\Vasim Davda\Desktop\work\backend\node_modules\mongodb\lib\cmap\message_stream.js:124:16)
    at MessageStream._write (C:\Users\Vasim Davda\Desktop\work\backend\node_modules\mongodb\lib\cmap\message_stream.js:33:9)
    at writeOrBuffer (node:internal/streams/writable:570:12)
    at _write (node:internal/streams/writable:499:10)
    at Writable.write (node:internal/streams/writable:508:10)
    at Socket.ondata (node:internal/streams/readable:1007:22)
    at Socket.emit (node:events:519:28)
2025-03-26T13:34:22.485Z [listContent] MongoServerError: invalid argument to $skip stage: Expected a non-negative number in: $skip: -12
    at Connection.onMessage (C:\Users\Vasim Davda\Desktop\work\backend\node_modules\mongodb\lib\cmap\connection.js:202:26)
    at MessageStream.<anonymous> (C:\Users\Vasim Davda\Desktop\work\backend\node_modules\mongodb\lib\cmap\connection.js:61:60)
    at MessageStream.emit (node:events:519:28)
    at processIncomingData (C:\Users\Vasim Davda\Desktop\work\backend\node_modules\mongodb\lib\cmap\message_stream.js:124:16)
    at MessageStream._write (C:\Users\Vasim Davda\Desktop\work\backend\node_modules\mongodb\lib\cmap\message_stream.js:33:9)
    at writeOrBuffer (node:internal/streams/writable:570:12)
    at _write (node:internal/streams/writable:499:10)
    at Writable.write (node:internal/streams/writable:508:10)
    at Socket.ondata (node:internal/streams/readable:1007:22)
    at Socket.emit (node:events:519:28)
2025-03-26T13:34:24.350Z [listContent] MongoServerError: invalid argument to $skip stage: Expected a non-negative number in: $skip: -12
    at Connection.onMessage (C:\Users\Vasim Davda\Desktop\work\backend\node_modules\mongodb\lib\cmap\connection.js:202:26)
    at MessageStream.<anonymous> (C:\Users\Vasim Davda\Desktop\work\backend\node_modules\mongodb\lib\cmap\connection.js:61:60)
    at MessageStream.emit (node:events:519:28)
    at processIncomingData (C:\Users\Vasim Davda\Desktop\work\backend\node_modules\mongodb\lib\cmap\message_stream.js:124:16)
    at MessageStream._write (C:\Users\Vasim Davda\Desktop\work\backend\node_modules\mongodb\lib\cmap\message_stream.js:33:9)
    at writeOrBuffer (node:internal/streams/writable:570:12)
    at _write (node:internal/streams/writable:499:10)
    at Writable.write (node:internal/streams/writable:508:10)
    at Socket.ondata (node:internal/streams/readable:1007:22)
    at Socket.emit (node:events:519:28)
2025-03-26T13:34:29.800Z [listContent] MongoServerError: invalid argument to $skip stage: Expected a non-negative number in: $skip: -12
    at Connection.onMessage (C:\Users\Vasim Davda\Desktop\work\backend\node_modules\mongodb\lib\cmap\connection.js:202:26)
    at MessageStream.<anonymous> (C:\Users\Vasim Davda\Desktop\work\backend\node_modules\mongodb\lib\cmap\connection.js:61:60)
    at MessageStream.emit (node:events:519:28)
    at processIncomingData (C:\Users\Vasim Davda\Desktop\work\backend\node_modules\mongodb\lib\cmap\message_stream.js:124:16)
    at MessageStream._write (C:\Users\Vasim Davda\Desktop\work\backend\node_modules\mongodb\lib\cmap\message_stream.js:33:9)
    at writeOrBuffer (node:internal/streams/writable:570:12)
    at _write (node:internal/streams/writable:499:10)
    at Writable.write (node:internal/streams/writable:508:10)
    at Socket.ondata (node:internal/streams/readable:1007:22)
    at Socket.emit (node:events:519:28)
